<?xml version="1.0" encoding="UTF-8"?>
<!-- Generated by org.testng.reporters.JUnitXMLReporter -->
<testsuite ignored="0" hostname="DESKTOP-ND80KL7" failures="0" tests="3" name="Default test" time="774.027" errors="0" timestamp="2021-12-06T10:45:22 SGT">
  <testcase classname="CFMIS_claims.CreateClaims" name="LoginClaimant" time="14.487"/>
  <testcase classname="CFMIS_claims.CreateClaims" name="CreateCA" time="378.042"/>
  <testcase classname="CFMIS_claims.CreateClaims" name="CreateAP" time="380.854"/>
</testsuite> <!-- Default test -->
