<?xml version="1.0" encoding="UTF-8"?>
<!-- Generated by org.testng.reporters.JUnitXMLReporter -->
<testsuite ignored="2" hostname="DESKTOP-ND80KL7" failures="0" tests="0" time="4.91" errors="0" timestamp="2021-04-22T20:54:43 SGT">
  <testcase classname="common.allMethods" name="@BeforeTest browserUsed" time="0.0">
    <ignored/>
  </testcase> <!-- @BeforeTest browserUsed -->
  <testcase classname="common.allMethods" name="@AfterTest browserClose" time="0.0">
    <ignored/>
  </testcase> <!-- @AfterTest browserClose -->
</testsuite>
