<?xml version="1.0" encoding="UTF-8"?>
<testng-results ignored="0" total="3" passed="3" failed="0" skipped="0">
  <reporter-output>
  </reporter-output>
  <suite started-at="2021-12-06T10:32:28 SGT" name="Default suite" finished-at="2021-12-06T10:45:22 SGT" duration-ms="774027">
    <groups>
    </groups>
    <test started-at="2021-12-06T10:32:28 SGT" name="Default test" finished-at="2021-12-06T10:45:22 SGT" duration-ms="774027">
      <class name="CFMIS_claims.CreateClaims">
        <test-method is-config="true" signature="startReport()[pri:0, instance:CFMIS_claims.CreateClaims@29647f75]" started-at="2021-12-06T10:32:28 SGT" name="startReport" finished-at="2021-12-06T10:32:28 SGT" duration-ms="218" status="PASS">
          <reporter-output>
          </reporter-output>
        </test-method> <!-- startReport -->
        <test-method signature="LoginClaimant()[pri:1, instance:CFMIS_claims.CreateClaims@29647f75]" started-at="2021-12-06T10:32:28 SGT" name="LoginClaimant" finished-at="2021-12-06T10:32:43 SGT" duration-ms="14487" status="PASS">
          <reporter-output>
          </reporter-output>
        </test-method> <!-- LoginClaimant -->
        <test-method is-config="true" signature="getResult(org.testng.ITestResult)[pri:0, instance:CFMIS_claims.CreateClaims@29647f75]" started-at="2021-12-06T10:32:43 SGT" name="getResult" finished-at="2021-12-06T10:32:43 SGT" duration-ms="4" status="PASS">
          <params>
            <param index="0">
              <value>
                <![CDATA[[TestResult name=LoginClaimant status=SUCCESS method=CreateClaims.LoginClaimant()[pri:1, instance:CFMIS_claims.CreateClaims@29647f75] output={null}]]]>
              </value>
            </param>
          </params>
          <reporter-output>
          </reporter-output>
        </test-method> <!-- getResult -->
        <test-method signature="CreateCA()[pri:2, instance:CFMIS_claims.CreateClaims@29647f75]" started-at="2021-12-06T10:32:43 SGT" name="CreateCA" finished-at="2021-12-06T10:39:01 SGT" duration-ms="378042" status="PASS">
          <reporter-output>
          </reporter-output>
        </test-method> <!-- CreateCA -->
        <test-method is-config="true" signature="getResult(org.testng.ITestResult)[pri:0, instance:CFMIS_claims.CreateClaims@29647f75]" started-at="2021-12-06T10:39:01 SGT" name="getResult" finished-at="2021-12-06T10:39:01 SGT" duration-ms="1" status="PASS">
          <params>
            <param index="0">
              <value>
                <![CDATA[[TestResult name=CreateCA status=SUCCESS method=CreateClaims.CreateCA()[pri:2, instance:CFMIS_claims.CreateClaims@29647f75] output={null}]]]>
              </value>
            </param>
          </params>
          <reporter-output>
          </reporter-output>
        </test-method> <!-- getResult -->
        <test-method signature="CreateAP()[pri:3, instance:CFMIS_claims.CreateClaims@29647f75]" started-at="2021-12-06T10:39:01 SGT" name="CreateAP" finished-at="2021-12-06T10:45:22 SGT" duration-ms="380854" status="PASS">
          <reporter-output>
          </reporter-output>
        </test-method> <!-- CreateAP -->
        <test-method is-config="true" signature="getResult(org.testng.ITestResult)[pri:0, instance:CFMIS_claims.CreateClaims@29647f75]" started-at="2021-12-06T10:45:22 SGT" name="getResult" finished-at="2021-12-06T10:45:22 SGT" duration-ms="1" status="PASS">
          <params>
            <param index="0">
              <value>
                <![CDATA[[TestResult name=CreateAP status=SUCCESS method=CreateClaims.CreateAP()[pri:3, instance:CFMIS_claims.CreateClaims@29647f75] output={null}]]]>
              </value>
            </param>
          </params>
          <reporter-output>
          </reporter-output>
        </test-method> <!-- getResult -->
        <test-method is-config="true" signature="endreport()[pri:0, instance:CFMIS_claims.CreateClaims@29647f75]" started-at="2021-12-06T10:45:22 SGT" name="endreport" finished-at="2021-12-06T10:45:22 SGT" duration-ms="377" status="PASS">
          <reporter-output>
          </reporter-output>
        </test-method> <!-- endreport -->
        <test-method is-config="true" signature="browserClose()[pri:0, instance:CFMIS_claims.CreateClaims@29647f75]" started-at="2021-12-06T10:45:22 SGT" name="browserClose" finished-at="2021-12-06T10:45:24 SGT" duration-ms="1870" status="PASS">
          <reporter-output>
          </reporter-output>
        </test-method> <!-- browserClose -->
      </class> <!-- CFMIS_claims.CreateClaims -->
    </test> <!-- Default test -->
  </suite> <!-- Default suite -->
</testng-results>
